<?xml version="1.0" encoding="UTF-8"?>
<!-- Generated by org.testng.reporters.JUnitXMLReporter -->
<testsuite hostname="DESKTOP-9D4C8ON" ignored="3" name="Default test" tests="2" failures="0" timestamp="13 Jan 2019 18:46:51 GMT" time="85.293" errors="0">
  <testcase name="MemberData_SearchCriteria" time="23.021" classname="com.training.sanity.tests.MemberProfileTest"/>
  <testcase name="GrantLoanToMember_Admin" time="22.096" classname="com.training.sanity.tests.MemberProfileTest"/>
  <testcase name="ViewTrxDetails" time="0.0" classname="com.training.sanity.tests.MemberProfileTest">
    <ignored/>
  </testcase> <!-- ViewTrxDetails -->
  <testcase name="ViewLoanforMember_Admin" time="0.0" classname="com.training.sanity.tests.MemberProfileTest">
    <ignored/>
  </testcase> <!-- ViewLoanforMember_Admin -->
  <testcase name="MemberPayment_Admin" time="0.0" classname="com.training.sanity.tests.MemberProfileTest">
    <ignored/>
  </testcase> <!-- MemberPayment_Admin -->
</testsuite> <!-- Default test -->
